Traceback (most recent call last):
  File "/mnt/inv_stud/./main.py", line 1, in <module>
    from nicegui import ui
ModuleNotFoundError: No module named 'nicegui'
NiceGUI ready to go on http://localhost:8091
Traceback (most recent call last):
  File "/mnt/inv_stud/./main.py", line 1, in <module>
    from nicegui import ui
ModuleNotFoundError: No module named 'nicegui'
Traceback (most recent call last):
  File "/mnt/inv_stud/./main.py", line 1, in <module>
    from nicegui import ui
ModuleNotFoundError: No module named 'nicegui'
NiceGUI ready to go on http://localhost:8091
WARNING:  WatchFiles detected changes in 'inv_stud.log'. Reloading...
NiceGUI ready to go on http://localhost:8091
NiceGUI ready to go on http://localhost:8091
WARNING:  WatchFiles detected changes in 'main.py'. Reloading...
NiceGUI ready to go on http://localhost:8091
WARNING:  WatchFiles detected changes in 'inv_stud.log'. Reloading...
NiceGUI ready to go on http://localhost:8091
WARNING:  WatchFiles detected changes in 'inv_stud.log'. Reloading...
NiceGUI ready to go on http://localhost:8091
WARNING:  WatchFiles detected changes in 'inv_stud.log'. Reloading...
NiceGUI ready to go on http://localhost:8091
